<?xml version="1.0" encoding="UTF-8"?>
<!-- Generated by org.testng.reporters.JUnitReportReporter -->
<testsuite hostname="DESKTOP-TAJ4I7G" failures="0" tests="1" name="com.Capium.TestRunFiles.LoginRunner" time="57.574" errors="0" timestamp="2025-09-23T15:57:05 IST" skipped="0">
  <testcase classname="com.Capium.TestRunFiles.LoginRunner" name="runScenario" time="57.574"/>
</testsuite> <!-- com.Capium.TestRunFiles.LoginRunner -->
